Jul 25, 2020 5:38:13 PM app.LogKeeper init
INFO: Applicaiton started...
Jul 25, 2020 5:38:31 PM app.EmailTask lambda$run$0
INFO: Test Mail sending...
Jul 25, 2020 5:38:31 PM app.EmailTask lambda$run$1
WARNING: File missing: E:\Batch_Data\text_3.txt
Jul 25, 2020 5:38:31 PM app.EmailTask lambda$run$4
INFO: Attempt 0 to send mail
Jul 25, 2020 5:38:38 PM app.EmailTask lambda$run$5
INFO: Mail sent successfully
Jul 25, 2020 5:39:17 PM app.EmailTask lambda$run$0
INFO: Test Mail sending...
Jul 25, 2020 5:39:17 PM app.EmailTask lambda$run$1
WARNING: File missing: E:\Batch_Data\text_3.txt
Jul 25, 2020 5:39:17 PM app.EmailTask lambda$run$4
INFO: Attempt 0 to send mail
Jul 25, 2020 5:39:23 PM app.EmailTask lambda$run$5
INFO: Mail sent successfully
Jul 25, 2020 5:42:44 PM app.Controller saveSmtpSettings
INFO: SMTP settings saved
Jul 25, 2020 5:42:59 PM app.EmailTask lambda$run$0
INFO: Test Mail sending...
Jul 25, 2020 5:42:59 PM app.EmailTask lambda$run$1
WARNING: File missing: E:\Batch_Data\text_3.txt
Jul 25, 2020 5:42:59 PM app.EmailTask lambda$run$4
INFO: Attempt 0 to send mail
Jul 25, 2020 5:43:20 PM app.EmailTask lambda$run$6
SEVERE: Failed to send mail
com.sun.mail.util.MailConnectException: Couldn't connect to host, port: sg2plcpnl0128.prod.sin2.secureserver.net, 4654; timeout -1;
  nested exception is:
	java.net.ConnectException: Connection timed out: connect
	at com.sun.mail.smtp.SMTPTransport.openServer(SMTPTransport.java:2194)
	at com.sun.mail.smtp.SMTPTransport.protocolConnect(SMTPTransport.java:726)
	at javax.mail.Service.connect(Service.java:388)
	at javax.mail.Service.connect(Service.java:246)
	at javax.mail.Service.connect(Service.java:195)
	at javax.mail.Transport.send0(Transport.java:254)
	at javax.mail.Transport.send(Transport.java:124)
	at app.EmailResolver.sendMail(EmailResolver.java:109)
	at app.EmailTask.run(EmailTask.java:111)
	at app.Controller$2.call(Controller.java:128)
	at javafx.concurrent.Task$TaskCallable.call(Task.java:1423)
	at java.util.concurrent.FutureTask.run(FutureTask.java:266)
	at java.lang.Thread.run(Thread.java:748)
Caused by: java.net.ConnectException: Connection timed out: connect
	at java.net.DualStackPlainSocketImpl.connect0(Native Method)
	at java.net.DualStackPlainSocketImpl.socketConnect(DualStackPlainSocketImpl.java:79)
	at java.net.AbstractPlainSocketImpl.doConnect(AbstractPlainSocketImpl.java:350)
	at java.net.AbstractPlainSocketImpl.connectToAddress(AbstractPlainSocketImpl.java:206)
	at java.net.AbstractPlainSocketImpl.connect(AbstractPlainSocketImpl.java:188)
	at java.net.PlainSocketImpl.connect(PlainSocketImpl.java:172)
	at java.net.SocksSocketImpl.connect(SocksSocketImpl.java:392)
	at java.net.Socket.connect(Socket.java:606)
	at java.net.Socket.connect(Socket.java:555)
	at com.sun.mail.util.SocketFetcher.createSocket(SocketFetcher.java:352)
	at com.sun.mail.util.SocketFetcher.getSocket(SocketFetcher.java:238)
	at com.sun.mail.smtp.SMTPTransport.openServer(SMTPTransport.java:2160)
	... 12 more

